<?xml version="1.0" encoding="UTF-8"?>
<!-- Generated by org.testng.reporters.JUnitReportReporter -->
<testsuite hostname="Perams-MacBook-Pro.local" failures="0" tests="2" name="ApiAutomation.automation" time="4.604" errors="0" timestamp="2024-07-01T10:33:37 IST" skipped="0">
  <testcase classname="ApiAutomation.automation" name="Create_GET" time="2.538"/>
  <testcase classname="ApiAutomation.automation" name="Create_POST" time="2.066"/>
</testsuite> <!-- ApiAutomation.automation -->
