<?xml version="1.0" encoding="UTF-8"?>
<!-- Generated by org.testng.reporters.JUnitReportReporter -->
<testsuite hostname="Perams-MacBook-Pro.local" failures="0" tests="1" name="ApiAutomation.automation" time="1.923" errors="0" timestamp="2024-07-01T16:31:48 IST" skipped="0">
  <testcase classname="ApiAutomation.automation" name="Create_GET" time="1.923"/>
</testsuite> <!-- ApiAutomation.automation -->
